2026-05-14 14:24:50,600 - INFO - 已注册全局快捷键 Ctrl+Shift+F10
2026-05-14 14:24:50,600 - INFO - 系统托盘应用已启动
2026-05-14 14:24:51,101 - INFO - 服务启动，点击间隔: 60 秒
2026-05-14 14:24:51,101 - INFO - 鼠标点击服务已启动
2026-05-14 14:24:54,220 - INFO - 第 1 次点击完成 - 位置: (827, 773)
2026-05-14 14:24:55,204 - INFO - 服务启动，点击间隔: 60 秒
2026-05-14 14:24:55,204 - INFO - 鼠标点击服务已启动
2026-05-14 14:24:58,307 - INFO - 第 2 次点击完成 - 位置: (827, 773)
2026-05-14 14:24:59,440 - INFO - 服务停止，共执行 2 次点击
2026-05-14 14:25:01,223 - INFO - 服务已停止
2026-05-14 14:25:01,307 - INFO - 服务已停止
2026-05-14 14:25:01,307 - INFO - 服务停止，共执行 2 次点击
2026-05-14 14:25:01,518 - INFO - 服务启动，点击间隔: 60 秒
2026-05-14 14:25:01,518 - INFO - 鼠标点击服务已启动
2026-05-14 14:25:04,637 - INFO - 第 3 次点击完成 - 位置: (1289, 1061)
2026-05-14 14:25:05,638 - INFO - 服务已停止
2026-05-14 14:25:05,638 - INFO - 服务停止，共执行 3 次点击
2026-05-14 14:25:07,025 - INFO - 服务启动，点击间隔: 60 秒
2026-05-14 14:25:07,025 - INFO - 鼠标点击服务已启动
2026-05-14 14:25:09,027 - INFO - 服务停止，共执行 3 次点击
2026-05-14 14:25:13,372 - INFO - 服务停止，共执行 3 次点击
